<?xml version="1.0" encoding="UTF-8"?>
<testng-results ignored="0" total="1" passed="1" failed="0" skipped="0">
  <reporter-output>
    <line>
      <![CDATA[Edit the Invoice details when Invoice have rejected status]]>
    </line>
  </reporter-output>
  <suite started-at="2022-06-29T10:36:48 IST" name="Sodexo Features" finished-at="2022-06-29T10:38:04 IST" duration-ms="76106">
    <groups>
    </groups>
    <test started-at="2022-06-29T10:36:48 IST" name="India" finished-at="2022-06-29T10:38:04 IST" duration-ms="76106">
      <class name="Sodexo.SodexoIndia.EditwhenInvoicehaveRejectedStatus">
        <test-method is-config="true" signature="beforeMethod()[pri:0, instance:Sodexo.SodexoIndia.EditwhenInvoicehaveRejectedStatus@48aca48b]" started-at="2022-06-29T10:36:48 IST" name="beforeMethod" finished-at="2022-06-29T10:36:48 IST" duration-ms="5" status="PASS">
          <reporter-output>
          </reporter-output>
        </test-method> <!-- beforeMethod -->
        <test-method signature="EditfunctionalityonRejectedcase(java.lang.String,java.lang.String,java.lang.String)[pri:0, instance:Sodexo.SodexoIndia.EditwhenInvoicehaveRejectedStatus@48aca48b]" started-at="2022-06-29T10:36:48 IST" name="EditfunctionalityonRejectedcase" finished-at="2022-06-29T10:38:03 IST" duration-ms="75281" status="PASS">
          <params>
            <param index="0">
              <value>
                <![CDATA[sodexo.india@checkaninvoice.com]]>
              </value>
            </param>
            <param index="1">
              <value>
                <![CDATA[Asdf@1234]]>
              </value>
            </param>
            <param index="2">
              <value>
                <![CDATA[https://app.checkaninvoice.in/]]>
              </value>
            </param>
          </params>
          <reporter-output>
            <line>
              <![CDATA[Edit the Invoice details when Invoice have rejected status]]>
            </line>
          </reporter-output>
        </test-method> <!-- EditfunctionalityonRejectedcase -->
        <test-method is-config="true" signature="afterMethod()[pri:0, instance:Sodexo.SodexoIndia.EditwhenInvoicehaveRejectedStatus@48aca48b]" started-at="2022-06-29T10:38:03 IST" name="afterMethod" finished-at="2022-06-29T10:38:04 IST" duration-ms="754" status="PASS">
          <reporter-output>
          </reporter-output>
        </test-method> <!-- afterMethod -->
      </class> <!-- Sodexo.SodexoIndia.EditwhenInvoicehaveRejectedStatus -->
    </test> <!-- India -->
  </suite> <!-- Sodexo Features -->
</testng-results>
